2017-12-18 11:08:22,633 - Initializing Velocity, Calling init()...
2017-12-18 11:08:22,633 - Starting Apache Velocity v1.7 (compiled: 2010-11-19 12:14:37)
2017-12-18 11:08:22,633 - Default Properties File: org/apache/velocity/runtime/defaults/velocity.properties
2017-12-18 11:08:22,633 - Trying to use logger class org.apache.velocity.runtime.log.AvalonLogChute
2017-12-18 11:08:22,633 - Target log system for org.apache.velocity.runtime.log.AvalonLogChute is not available (java.lang.NoClassDefFoundError: org/apache/log/format/Formatter).  Falling back to next log system...
2017-12-18 11:08:22,633 - Trying to use logger class org.apache.velocity.runtime.log.Log4JLogChute
2017-12-18 11:08:22,633 - Using logger class org.apache.velocity.runtime.log.Log4JLogChute
2017-12-18 11:08:22,635 - ResourceLoader instantiated: org.knime.gateway.codegen.MyResourceLoader
2017-12-18 11:08:22,640 - ResourceCache: initialized (class org.apache.velocity.runtime.resource.ResourceCacheImpl) with class java.util.Collections$SynchronizedMap cache map.
2017-12-18 11:08:22,641 - Loaded System Directive: org.apache.velocity.runtime.directive.Stop
2017-12-18 11:08:22,641 - Loaded System Directive: org.apache.velocity.runtime.directive.Define
2017-12-18 11:08:22,642 - Loaded System Directive: org.apache.velocity.runtime.directive.Break
2017-12-18 11:08:22,642 - Loaded System Directive: org.apache.velocity.runtime.directive.Evaluate
2017-12-18 11:08:22,642 - Loaded System Directive: org.apache.velocity.runtime.directive.Literal
2017-12-18 11:08:22,643 - Loaded System Directive: org.apache.velocity.runtime.directive.Macro
2017-12-18 11:08:22,643 - Loaded System Directive: org.apache.velocity.runtime.directive.Parse
2017-12-18 11:08:22,644 - Loaded System Directive: org.apache.velocity.runtime.directive.Include
2017-12-18 11:08:22,644 - Loaded System Directive: org.apache.velocity.runtime.directive.Foreach
2017-12-18 11:08:22,660 - Created '20' parsers.
2017-12-18 11:08:22,663 - Velocimacro : "velocimacro.library" is not set.  Trying default library: VM_global_library.vm
2017-12-18 11:08:22,663 - Velocimacro : Default library not found.
2017-12-18 11:08:22,663 - Velocimacro : allowInline = true : VMs can be defined inline in templates
2017-12-18 11:08:22,664 - Velocimacro : allowInlineToOverride = false : VMs defined inline may NOT replace previous VM definitions
2017-12-18 11:08:22,664 - Velocimacro : allowInlineLocal = false : VMs defined inline will be global in scope if allowed.
2017-12-18 11:08:22,664 - Velocimacro : autoload off : VM system will not automatically reload global library macros
2017-12-18 11:08:22,672 - ResourceManager : found ObjectSpecUtil.vm with loader org.knime.gateway.codegen.MyResourceLoader
2017-12-18 11:08:22,687 - Log4JLogChute initialized using file 'velocity.log'
2017-12-18 11:08:22,687 - Initializing Velocity, Calling init()...
2017-12-18 11:08:22,687 - Starting Apache Velocity v1.7 (compiled: 2010-11-19 12:14:37)
2017-12-18 11:08:22,687 - Default Properties File: org/apache/velocity/runtime/defaults/velocity.properties
2017-12-18 11:08:22,688 - Trying to use logger class org.apache.velocity.runtime.log.AvalonLogChute
2017-12-18 11:08:22,688 - Target log system for org.apache.velocity.runtime.log.AvalonLogChute is not available (java.lang.NoClassDefFoundError: org/apache/log/format/Formatter).  Falling back to next log system...
2017-12-18 11:08:22,688 - Trying to use logger class org.apache.velocity.runtime.log.Log4JLogChute
2017-12-18 11:08:22,688 - Using logger class org.apache.velocity.runtime.log.Log4JLogChute
2017-12-18 11:08:22,689 - ResourceLoader instantiated: org.apache.velocity.runtime.resource.loader.FileResourceLoader
2017-12-18 11:08:22,689 - Do unicode file recognition:  false
2017-12-18 11:08:22,689 - FileResourceLoader : adding path '/'
2017-12-18 11:08:22,689 - ResourceCache: initialized (class org.apache.velocity.runtime.resource.ResourceCacheImpl) with class java.util.Collections$SynchronizedMap cache map.
2017-12-18 11:08:22,689 - Loaded System Directive: org.apache.velocity.runtime.directive.Stop
2017-12-18 11:08:22,689 - Loaded System Directive: org.apache.velocity.runtime.directive.Define
2017-12-18 11:08:22,689 - Loaded System Directive: org.apache.velocity.runtime.directive.Break
2017-12-18 11:08:22,689 - Loaded System Directive: org.apache.velocity.runtime.directive.Evaluate
2017-12-18 11:08:22,689 - Loaded System Directive: org.apache.velocity.runtime.directive.Literal
2017-12-18 11:08:22,689 - Loaded System Directive: org.apache.velocity.runtime.directive.Macro
2017-12-18 11:08:22,690 - Loaded System Directive: org.apache.velocity.runtime.directive.Parse
2017-12-18 11:08:22,690 - Loaded System Directive: org.apache.velocity.runtime.directive.Include
2017-12-18 11:08:22,690 - Loaded System Directive: org.apache.velocity.runtime.directive.Foreach
2017-12-18 11:08:22,690 - Created '20' parsers.
2017-12-18 11:08:22,691 - Velocimacro : "velocimacro.library" is not set.  Trying default library: VM_global_library.vm
2017-12-18 11:08:22,691 - Velocimacro : Default library not found.
2017-12-18 11:08:22,691 - Velocimacro : allowInline = true : VMs can be defined inline in templates
2017-12-18 11:08:22,691 - Velocimacro : allowInlineToOverride = false : VMs defined inline may NOT replace previous VM definitions
2017-12-18 11:08:22,691 - Velocimacro : allowInlineLocal = false : VMs defined inline will be global in scope if allowed.
2017-12-18 11:08:22,691 - Velocimacro : autoload off : VM system will not automatically reload global library macros
2017-12-18 11:08:22,694 - ResourceManager : found /home/thor/workspace/KNIME-trunk/git/knime-gateway/org.knime.gateway.jsonrpc.local/src-gen/spec/JsonRpcServiceClass.vm with loader org.apache.velocity.runtime.resource.loader.FileResourceLoader
2017-12-18 11:08:22,701 - ResourceManager : found /home/thor/workspace/KNIME-trunk/git/knime-gateway/org.knime.gateway.jsonrpc.local/src-gen/spec/JsonRpcServiceClass.vm with loader org.apache.velocity.runtime.resource.loader.FileResourceLoader
2017-12-18 11:08:22,704 - ResourceManager : found /home/thor/workspace/KNIME-trunk/git/knime-gateway/org.knime.gateway.jsonrpc.local/src-gen/spec/JsonRpcServiceClass.vm with loader org.apache.velocity.runtime.resource.loader.FileResourceLoader
2017-12-18 11:08:22,707 - ResourceManager : found /home/thor/workspace/KNIME-trunk/git/knime-gateway/org.knime.gateway.jsonrpc.local/src-gen/spec/JsonRpcServiceClass.vm with loader org.apache.velocity.runtime.resource.loader.FileResourceLoader
2017-12-18 11:08:22,709 - ResourceManager : found /home/thor/workspace/KNIME-trunk/git/knime-gateway/org.knime.gateway.jsonrpc.local/src-gen/spec/JsonRpcServiceClass.vm with loader org.apache.velocity.runtime.resource.loader.FileResourceLoader
2017-12-18 11:08:22,711 - ResourceManager : found /home/thor/workspace/KNIME-trunk/git/knime-gateway/org.knime.gateway.jsonrpc.local/src-gen/spec/JsonRpcServiceClass.vm with loader org.apache.velocity.runtime.resource.loader.FileResourceLoader
2017-12-18 11:08:22,711 - ResourceManager : found /home/thor/workspace/KNIME-trunk/git/knime-gateway/org.knime.gateway.jsonrpc.local/src-gen/spec/JsonRpcServiceClass.vm with loader org.apache.velocity.runtime.resource.loader.FileResourceLoader
