#
# A fatal error has been detected by the Java Runtime Environment:
#
#  SIGSEGV (0xb) at pc=0x00007f5f98cb0720, pid=17219, tid=140048028423936
#
# JRE version: Java(TM) SE Runtime Environment (8.0_60-b27) (build 1.8.0_60-b27)
# Java VM: Java HotSpot(TM) 64-Bit Server VM (25.60-b23 mixed mode linux-amd64 compressed oops)
# Problematic frame:
# V  [libjvm.so+0x8a5720]  Method::checked_resolve_jmethod_id(_jmethodID*)+0x20
#
# Failed to write core dump. Core dumps have been disabled. To enable core dumping, try "ulimit -c unlimited" before starting Java again
#
# If you would like to submit a bug report, please visit:
#   http://bugreport.java.com/bugreport/crash.jsp
#

---------------  T H R E A D  ---------------

Current thread (0x00007f5f940d0800):  JavaThread "JDWP Transport Listener: dt_socket" daemon [_thread_in_vm, id=17241, stack(0x00007f5f78ec5000,0x00007f5f78fc6000)]

siginfo: si_signo: 11 (SIGSEGV), si_code: 128 (SI_KERNEL), si_addr: 0x0000000000000000

Registers:
RAX=0x0000000000000001, RBX=0x00007f5f94005350, RCX=0x00007f5f99de12c0, RDX=0x00007f5f993ba320
RSP=0x00007f5f78fc46d0, RBP=0x00007f5f78fc46e0, RSI=0x00007f5f940d0800, RDI=0x003b7265746e756f
R8 =0x00007f5f24010cd0, R9 =0x0000000000000000, R10=0x0000000000000020, R11=0x00007f5f9956ccc8
R12=0x0000000000000017, R13=0x003b7265746e756f, R14=0x00007f5f940d0800, R15=0x00007f5f78fc47e7
RIP=0x00007f5f98cb0720, EFLAGS=0x0000000000010206, CSGSFS=0x002b000000000033, ERR=0x0000000000000000
  TRAPNO=0x000000000000000d

Top of Stack: (sp=0x00007f5f78fc46d0)
0x00007f5f78fc46d0:   0000000000000074 00007f5f94005350
0x00007f5f78fc46e0:   00007f5f78fc4750 00007f5f98b411fe
0x00007f5f78fc46f0:   00007f5f78fc4710 00007f5f78fc4700
0x00007f5f78fc4700:   00007f5f940d0800 0000000000000000
0x00007f5f78fc4710:   00007f5f00000000 0000000000000000
0x00007f5f78fc4720:   00007f5f78fc4740 00007f5f939bce40
0x00007f5f78fc4730:   003b7265746e756f 00007f5f78fc47e7
0x00007f5f78fc4740:   0000000000000009 00007f5f78fc47e7
0x00007f5f78fc4750:   00007f5f78fc4780 00007f5f937a88c2
0x00007f5f78fc4760:   00007f5f78fc4780 003b7265746e756f
0x00007f5f78fc4770:   00007f5f78fc4850 0000000000000048
0x00007f5f78fc4780:   00007f5f78fc4810 00007f5f93789aa0
0x00007f5f78fc4790:   00007f5f78fc47c8 00007f5f78fc47c0
0x00007f5f78fc47a0:   00007f5f78fc47b8 00007f5f78fc47dc
0x00007f5f78fc47b0:   000000012400e7a0 0000000000000000
0x00007f5f78fc47c0:   0000000000000000 0000000000000000
0x00007f5f78fc47d0:   00007f5f24007380 0000000178fc4850
0x00007f5f78fc47e0:   000000000000000a 0000000000000002
0x00007f5f78fc47f0:   000000000000000f 0000000000000002
0x00007f5f78fc4800:   00000000000f0200 000000000000000f
0x00007f5f78fc4810:   00007f5f78fc4a60 00007f5f937949c6
0x00007f5f78fc4820:   000098ee00000013 00007f5f980f0200
0x00007f5f78fc4830:   00007f5f1c000fb0 0000000000000000
0x00007f5f78fc4840:   00007f5f78fc4850 00007f5f78fc49e0
0x00007f5f78fc4850:   00007f5f240110d0 00007f5f00000048
0x00007f5f78fc4860:   00007f5f24018ee0 000000000000012c
0x00007f5f78fc4870:   00007f5f78fc48a0 00007f5f24018ee0
0x00007f5f78fc4880:   00007f0000000000 000098ee0000001c
0x00007f5f78fc4890:   00007f5f00004980 00007f5f78fc48a0
0x00007f5f78fc48a0:   5f7f00000a000000 0800000098830024
0x00007f5f78fc48b0:   3e74696e696c633c 0056292803000000
0x00007f5f78fc48c0:   0008000000000000 00908300245f7f00 

Instructions: (pc=0x00007f5f98cb0720)
0x00007f5f98cb0700:   55 48 89 e5 53 48 83 ec 08 48 85 ff 75 12 31 db
0x00007f5f98cb0710:   48 89 d8 48 83 c4 08 5b c9 c3 66 0f 1f 44 00 00
0x00007f5f98cb0720:   48 8b 1f 48 85 db 74 e6 48 83 fb 37 74 e0 48 8b
0x00007f5f98cb0730:   03 48 89 df ff 50 10 84 c0 0f 1f 80 00 00 00 00 

Register to memory mapping:

RAX=0x0000000000000001 is an unknown value
RBX=0x00007f5f94005350 is an unknown value
RCX=0x00007f5f99de12c0: <offset 0x2182c0> in /lib/x86_64-linux-gnu/libpthread.so.0 at 0x00007f5f99bc9000
RDX=0x00007f5f993ba320: <offset 0xfaf320> in /home/hornm/dev-knime/eclipse-4.6.1-linux.gtk.x86_64/jre/jre/lib/amd64/server/libjvm.so at 0x00007f5f9840b000
RSP=0x00007f5f78fc46d0 is pointing into the stack for thread: 0x00007f5f940d0800
RBP=0x00007f5f78fc46e0 is pointing into the stack for thread: 0x00007f5f940d0800
RSI=0x00007f5f940d0800 is a thread
RDI=0x003b7265746e756f is an unknown value
R8 =0x00007f5f24010cd0 is an unknown value
R9 =0x0000000000000000 is an unknown value
R10=0x0000000000000020 is an unknown value
R11=0x00007f5f9956ccc8: <offset 0x187cc8> in /lib/x86_64-linux-gnu/libc.so.6 at 0x00007f5f993e5000
R12=0x0000000000000017 is an unknown value
R13=0x003b7265746e756f is an unknown value
R14=0x00007f5f940d0800 is a thread
R15=0x00007f5f78fc47e7 is pointing into the stack for thread: 0x00007f5f940d0800


Stack: [0x00007f5f78ec5000,0x00007f5f78fc6000],  sp=0x00007f5f78fc46d0,  free space=1021k
Native frames: (J=compiled Java code, j=interpreted, Vv=VM code, C=native code)
V  [libjvm.so+0x8a5720]  Method::checked_resolve_jmethod_id(_jmethodID*)+0x20
V  [libjvm.so+0x7361fe]  jvmti_IsMethodSynthetic+0x2be
C  [libjdwp.so+0x258c2]  isMethodSynthetic+0x42
C  [libjdwp.so+0x6aa0]  methods1+0x1b0
C  [libjdwp.so+0x119c6]  debugLoop_run+0x2b6
C  [libjdwp.so+0x247ff]  attachThread+0x2f
V  [libjvm.so+0x7a2982]  JvmtiAgentThread::call_start_function()+0xc2
V  [libjvm.so+0xa68f3f]  JavaThread::thread_main_inner()+0xdf
V  [libjvm.so+0xa6906c]  JavaThread::run()+0x11c
V  [libjvm.so+0x91cb88]  java_start(Thread*)+0x108
C  [libpthread.so.0+0x76ba]  start_thread+0xca


---------------  P R O C E S S  ---------------

Java Threads: ( => current thread )
  0x00007f5f940ea800 JavaThread "Service Thread" daemon [_thread_blocked, id=17252, stack(0x00007f5f787be000,0x00007f5f788bf000)]
  0x00007f5f940dd000 JavaThread "C1 CompilerThread3" daemon [_thread_blocked, id=17251, stack(0x00007f5f788bf000,0x00007f5f789c0000)]
  0x00007f5f940db000 JavaThread "C2 CompilerThread2" daemon [_thread_blocked, id=17250, stack(0x00007f5f789c0000,0x00007f5f78ac1000)]
  0x00007f5f940d9000 JavaThread "C2 CompilerThread1" daemon [_thread_blocked, id=17249, stack(0x00007f5f78ac1000,0x00007f5f78bc2000)]
  0x00007f5f940d6000 JavaThread "C2 CompilerThread0" daemon [_thread_blocked, id=17248, stack(0x00007f5f78bc2000,0x00007f5f78cc3000)]
  0x00007f5f24001000 JavaThread "JDWP Command Reader" daemon [_thread_in_native, id=17245, stack(0x00007f5f78cc3000,0x00007f5f78dc4000)]
  0x00007f5f940d4000 JavaThread "JDWP Event Helper Thread" daemon [_thread_blocked, id=17243, stack(0x00007f5f78dc4000,0x00007f5f78ec5000)]
=>0x00007f5f940d0800 JavaThread "JDWP Transport Listener: dt_socket" daemon [_thread_in_vm, id=17241, stack(0x00007f5f78ec5000,0x00007f5f78fc6000)]
  0x00007f5f940c3000 JavaThread "Signal Dispatcher" daemon [_thread_blocked, id=17239, stack(0x00007f5f791ca000,0x00007f5f792cb000)]
  0x00007f5f9408c000 JavaThread "Finalizer" daemon [_thread_blocked, id=17237, stack(0x00007f5f792cb000,0x00007f5f793cc000)]
  0x00007f5f9408a000 JavaThread "Reference Handler" daemon [_thread_blocked, id=17236, stack(0x00007f5f793cc000,0x00007f5f794cd000)]
  0x00007f5f9400f000 JavaThread "main" [_thread_blocked, id=17226, stack(0x00007f5f99ee5000,0x00007f5f99fe6000)]

Other Threads:
  0x00007f5f94085000 VMThread [stack: 0x00007f5f794cd000,0x00007f5f795ce000] [id=17235]
  0x00007f5f940ed800 WatcherThread [stack: 0x00007f5f786bd000,0x00007f5f787be000] [id=17253]

VM state:not at safepoint (normal execution)

VM Mutex/Monitor currently owned by a thread: None

Heap:
 PSYoungGen      total 149504K, used 66886K [0x0000000719d80000, 0x0000000724400000, 0x00000007c0000000)
  eden space 128512K, 52% used [0x0000000719d80000,0x000000071ded1a48,0x0000000721b00000)
  from space 20992K, 0% used [0x0000000722f80000,0x0000000722f80000,0x0000000724400000)
  to   space 20992K, 0% used [0x0000000721b00000,0x0000000721b00000,0x0000000722f80000)
 ParOldGen       total 341504K, used 0K [0x00000005cd800000, 0x00000005e2580000, 0x0000000719d80000)
  object space 341504K, 0% used [0x00000005cd800000,0x00000005cd800000,0x00000005e2580000)
 Metaspace       used 15604K, capacity 15842K, committed 16000K, reserved 1062912K
  class space    used 1817K, capacity 1899K, committed 1920K, reserved 1048576K

Card table byte_map: [0x00007f5f81e11000,0x00007f5f82da6000] byte_map_base: 0x00007f5f7efa5000

Marking Bits: (ParMarkBitMap*) 0x00007f5f993b9de0
 Begin Bits: [0x00007f5f386c0000, 0x00007f5f40360000)
 End Bits:   [0x00007f5f40360000, 0x00007f5f48000000)

Polling page: 0x00007f5f9a008000

CodeCache: size=245760Kb used=3744Kb max_used=3755Kb free=242015Kb
 bounds [0x00007f5f83166000, 0x00007f5f83516000, 0x00007f5f92166000]
 total_blobs=1439 nmethods=1074 adapters=286
 compilation: enabled

Compilation events (10 events):
Event: 87,685 Thread 0x00007f5f940dd000 1070       3       java.lang.StringBuilder::append (8 bytes)
Event: 87,685 Thread 0x00007f5f940dd000 nmethod 1070 0x00007f5f835122d0 code [0x00007f5f83512440, 0x00007f5f835125e8]
Event: 87,685 Thread 0x00007f5f940dd000 1071       3       java.lang.StringBuilder::append (6 bytes)
Event: 87,686 Thread 0x00007f5f940dd000 nmethod 1071 0x00007f5f83511e10 code [0x00007f5f83511f80, 0x00007f5f83512208]
Event: 103,487 Thread 0x00007f5f940dd000 1072       3       java.util.Formatter$FormatSpecifier::checkBadFlags (39 bytes)
Event: 103,487 Thread 0x00007f5f940db000 1073       4       java.util.HashMap$EntryIterator::next (5 bytes)
Event: 103,488 Thread 0x00007f5f940dd000 nmethod 1072 0x00007f5f835114d0 code [0x00007f5f83511680, 0x00007f5f83511b38]
Event: 103,490 Thread 0x00007f5f940db000 nmethod 1073 0x00007f5f8350d010 code [0x00007f5f8350d160, 0x00007f5f8350d3d8]
Event: 103,506 Thread 0x00007f5f940dd000 1074       3       java.util.regex.Pattern$BranchConn::match (11 bytes)
Event: 103,506 Thread 0x00007f5f940dd000 nmethod 1074 0x00007f5f8350e610 code [0x00007f5f8350e780, 0x00007f5f8350e9c8]

GC Heap History (0 events):
No events

Deoptimization events (10 events):
Event: 0,765 Thread 0x00007f5f9400f000 Uncommon trap: reason=range_check action=none pc=0x00007f5f833d562c method=sun.reflect.generics.parser.SignatureParser.current()C @ 34
Event: 0,772 Thread 0x00007f5f9400f000 Uncommon trap: reason=bimorphic action=maybe_recompile pc=0x00007f5f834b28ac method=java.util.HashMap.putVal(ILjava/lang/Object;Ljava/lang/Object;ZZ)Ljava/lang/Object; @ 91
Event: 0,772 Thread 0x00007f5f9400f000 Uncommon trap: reason=bimorphic action=maybe_recompile pc=0x00007f5f834b28ac method=java.util.HashMap.putVal(ILjava/lang/Object;Ljava/lang/Object;ZZ)Ljava/lang/Object; @ 91
Event: 0,772 Thread 0x00007f5f9400f000 Uncommon trap: reason=bimorphic action=maybe_recompile pc=0x00007f5f834b28ac method=java.util.HashMap.putVal(ILjava/lang/Object;Ljava/lang/Object;ZZ)Ljava/lang/Object; @ 91
Event: 0,773 Thread 0x00007f5f9400f000 Uncommon trap: reason=range_check action=none pc=0x00007f5f833d562c method=sun.reflect.generics.parser.SignatureParser.current()C @ 34
Event: 0,774 Thread 0x00007f5f9400f000 Uncommon trap: reason=range_check action=none pc=0x00007f5f833d562c method=sun.reflect.generics.parser.SignatureParser.current()C @ 34
Event: 0,782 Thread 0x00007f5f9400f000 Uncommon trap: reason=range_check action=none pc=0x00007f5f833d562c method=sun.reflect.generics.parser.SignatureParser.current()C @ 34
Event: 0,782 Thread 0x00007f5f9400f000 Uncommon trap: reason=range_check action=none pc=0x00007f5f833d562c method=sun.reflect.generics.parser.SignatureParser.current()C @ 34
Event: 0,783 Thread 0x00007f5f9400f000 Uncommon trap: reason=range_check action=none pc=0x00007f5f833d562c method=sun.reflect.generics.parser.SignatureParser.current()C @ 34
Event: 0,783 Thread 0x00007f5f9400f000 Uncommon trap: reason=range_check action=none pc=0x00007f5f833d562c method=sun.reflect.generics.parser.SignatureParser.current()C @ 34

Internal exceptions (10 events):
Event: 0,764 Thread 0x00007f5f9400f000 Exception <a 'java/lang/ArrayIndexOutOfBoundsException': 38> (0x000000071d961d50) thrown at [/HUDSON/workspace/8-2-build-linux-amd64/jdk8u60/4407/hotspot/src/share/vm/interpreter/interpreterRuntime.cpp, line 366]
Event: 0,764 Thread 0x00007f5f9400f000 Exception <a 'java/lang/ArrayIndexOutOfBoundsException': 76> (0x000000071d963370) thrown at [/HUDSON/workspace/8-2-build-linux-amd64/jdk8u60/4407/hotspot/src/share/vm/interpreter/interpreterRuntime.cpp, line 366]
Event: 0,765 Thread 0x00007f5f9400f000 Exception <a 'java/lang/ArrayIndexOutOfBoundsException': 38> (0x000000071d965298) thrown at [/HUDSON/workspace/8-2-build-linux-amd64/jdk8u60/4407/hotspot/src/share/vm/interpreter/interpreterRuntime.cpp, line 366]
Event: 0,765 Thread 0x00007f5f9400f000 Exception <a 'java/lang/ArrayIndexOutOfBoundsException': 55> (0x000000071d96d570) thrown at [/HUDSON/workspace/8-2-build-linux-amd64/jdk8u60/4407/hotspot/src/share/vm/interpreter/interpreterRuntime.cpp, line 366]
Event: 0,773 Thread 0x00007f5f9400f000 Exception <a 'java/lang/ArrayIndexOutOfBoundsException': 55> (0x000000071d9ecee8) thrown at [/HUDSON/workspace/8-2-build-linux-amd64/jdk8u60/4407/hotspot/src/share/vm/interpreter/interpreterRuntime.cpp, line 366]
Event: 0,774 Thread 0x00007f5f9400f000 Exception <a 'java/lang/ArrayIndexOutOfBoundsException': 55> (0x000000071d9fced8) thrown at [/HUDSON/workspace/8-2-build-linux-amd64/jdk8u60/4407/hotspot/src/share/vm/interpreter/interpreterRuntime.cpp, line 366]
Event: 0,782 Thread 0x00007f5f9400f000 Exception <a 'java/lang/ArrayIndexOutOfBoundsException': 70> (0x000000071da62360) thrown at [/HUDSON/workspace/8-2-build-linux-amd64/jdk8u60/4407/hotspot/src/share/vm/interpreter/interpreterRuntime.cpp, line 366]
Event: 0,782 Thread 0x00007f5f9400f000 Exception <a 'java/lang/ArrayIndexOutOfBoundsException': 92> (0x000000071da639c8) thrown at [/HUDSON/workspace/8-2-build-linux-amd64/jdk8u60/4407/hotspot/src/share/vm/interpreter/interpreterRuntime.cpp, line 366]
Event: 0,783 Thread 0x00007f5f9400f000 Exception <a 'java/lang/ArrayIndexOutOfBoundsException': 38> (0x000000071da67028) thrown at [/HUDSON/workspace/8-2-build-linux-amd64/jdk8u60/4407/hotspot/src/share/vm/interpreter/interpreterRuntime.cpp, line 366]
Event: 0,783 Thread 0x00007f5f9400f000 Exception <a 'java/lang/ArrayIndexOutOfBoundsException': 55> (0x000000071da681d8) thrown at [/HUDSON/workspace/8-2-build-linux-amd64/jdk8u60/4407/hotspot/src/share/vm/interpreter/interpreterRuntime.cpp, line 366]

Events (10 events):
Event: 190,649 Executing VM operation: GetCurrentLocation
Event: 190,649 Executing VM operation: GetCurrentLocation done
Event: 190,649 Executing VM operation: EnterInterpOnlyMode
Event: 190,649 Executing VM operation: EnterInterpOnlyMode done
Event: 190,649 Executing VM operation: ChangeSingleStep
Event: 190,649 Executing VM operation: ChangeSingleStep done
Event: 190,649 Executing VM operation: ChangeSingleStep
Event: 190,649 Executing VM operation: ChangeSingleStep done
Event: 190,651 Executing VM operation: RedefineClasses
Event: 190,655 Executing VM operation: RedefineClasses done


Dynamic libraries:
00400000-00401000 r-xp 00000000 103:02 51512819                          /home/hornm/dev-knime/eclipse-4.6.1-linux.gtk.x86_64/jre/bin/java
00600000-00601000 rw-p 00000000 103:02 51512819                          /home/hornm/dev-knime/eclipse-4.6.1-linux.gtk.x86_64/jre/bin/java
00b3c000-00b5d000 rw-p 00000000 00:00 0                                  [heap]
5cd800000-5e2580000 rw-p 00000000 00:00 0 
5e2580000-719d80000 ---p 00000000 00:00 0 
719d80000-724400000 rw-p 00000000 00:00 0 
724400000-7c0000000 ---p 00000000 00:00 0 
7c0000000-7c01e0000 rw-p 00000000 00:00 0 
7c01e0000-800000000 ---p 00000000 00:00 0 
7f5f04000000-7f5f04021000 rw-p 00000000 00:00 0 
7f5f04021000-7f5f08000000 ---p 00000000 00:00 0 
7f5f0c000000-7f5f0c265000 rw-p 00000000 00:00 0 
7f5f0c265000-7f5f10000000 ---p 00000000 00:00 0 
7f5f10000000-7f5f10021000 rw-p 00000000 00:00 0 
7f5f10021000-7f5f14000000 ---p 00000000 00:00 0 
7f5f14000000-7f5f141e2000 rw-p 00000000 00:00 0 
7f5f141e2000-7f5f18000000 ---p 00000000 00:00 0 
7f5f18000000-7f5f1823e000 rw-p 00000000 00:00 0 
7f5f1823e000-7f5f1c000000 ---p 00000000 00:00 0 
7f5f1c000000-7f5f1c021000 rw-p 00000000 00:00 0 
7f5f1c021000-7f5f20000000 ---p 00000000 00:00 0 
7f5f20000000-7f5f2027c000 rw-p 00000000 00:00 0 
7f5f2027c000-7f5f24000000 ---p 00000000 00:00 0 
7f5f24000000-7f5f242b6000 rw-p 00000000 00:00 0 
7f5f242b6000-7f5f28000000 ---p 00000000 00:00 0 
7f5f28000000-7f5f28021000 rw-p 00000000 00:00 0 
7f5f28021000-7f5f2c000000 ---p 00000000 00:00 0 
7f5f2c000000-7f5f2c021000 rw-p 00000000 00:00 0 
7f5f2c021000-7f5f30000000 ---p 00000000 00:00 0 
7f5f30000000-7f5f30021000 rw-p 00000000 00:00 0 
7f5f30021000-7f5f34000000 ---p 00000000 00:00 0 
7f5f34000000-7f5f34021000 rw-p 00000000 00:00 0 
7f5f34021000-7f5f38000000 ---p 00000000 00:00 0 
7f5f386c0000-7f5f48000000 rw-p 00000000 00:00 0 
7f5f48000000-7f5f48021000 rw-p 00000000 00:00 0 
7f5f48021000-7f5f4c000000 ---p 00000000 00:00 0 
7f5f4c000000-7f5f4c021000 rw-p 00000000 00:00 0 
7f5f4c021000-7f5f50000000 ---p 00000000 00:00 0 
7f5f50000000-7f5f50021000 rw-p 00000000 00:00 0 
7f5f50021000-7f5f54000000 ---p 00000000 00:00 0 
7f5f58000000-7f5f58021000 rw-p 00000000 00:00 0 
7f5f58021000-7f5f5c000000 ---p 00000000 00:00 0 
7f5f60000000-7f5f60021000 rw-p 00000000 00:00 0 
7f5f60021000-7f5f64000000 ---p 00000000 00:00 0 
7f5f64000000-7f5f64021000 rw-p 00000000 00:00 0 
7f5f64021000-7f5f68000000 ---p 00000000 00:00 0 
7f5f6c000000-7f5f6c021000 rw-p 00000000 00:00 0 
7f5f6c021000-7f5f70000000 ---p 00000000 00:00 0 
7f5f709ff000-7f5f70bbf000 rw-p 00000000 00:00 0 
7f5f70bbf000-7f5f70bff000 ---p 00000000 00:00 0 
7f5f70bff000-7f5f70dff000 rw-p 00000000 00:00 0 
7f5f70dff000-7f5f70fff000 rw-p 00000000 00:00 0 
7f5f70fff000-7f5f74000000 rw-p 00000000 00:00 0 
7f5f74000000-7f5f74021000 rw-p 00000000 00:00 0 
7f5f74021000-7f5f78000000 ---p 00000000 00:00 0 
7f5f781db000-7f5f781df000 r--s 00095000 103:02 52824071                  /home/hornm/dev-knime/eclipse-4.6.1-linux.gtk.x86_64/jre/jre/lib/jsse.jar
7f5f781df000-7f5f781e3000 r--s 0001c000 103:02 57413027                  /home/hornm/.m2/repository/com/atlassian/commonmark/commonmark/0.9.0/commonmark-0.9.0.jar
7f5f781e3000-7f5f781e5000 r--s 00009000 103:02 52168895                  /home/hornm/.m2/repository/commons-cli/commons-cli/1.2/commons-cli-1.2.jar
7f5f781e5000-7f5f781ec000 r--s 00064000 103:02 6031691                   /home/hornm/.m2/repository/org/apache/commons/commons-lang3/3.4/commons-lang3-3.4.jar
7f5f781ec000-7f5f781ed000 r--s 00002000 103:02 57150145                  /home/hornm/.m2/repository/org/slf4j/slf4j-simple/1.7.12/slf4j-simple-1.7.12.jar
7f5f781ed000-7f5f781ee000 r--s 00007000 103:02 56625414                  /home/hornm/.m2/repository/org/slf4j/slf4j-api/1.7.12/slf4j-api-1.7.12.jar
7f5f781ee000-7f5f781f0000 r--s 00008000 103:02 57150143                  /home/hornm/.m2/repository/ch/qos/cal10n/cal10n-api/0.8.1/cal10n-api-0.8.1.jar
7f5f781f0000-7f5f781f2000 r--s 00009000 103:02 57150141                  /home/hornm/.m2/repository/org/slf4j/slf4j-ext/1.7.12/slf4j-ext-1.7.12.jar
7f5f781f2000-7f5f781f6000 r--s 0002a000 103:02 51648013                  /home/hornm/.m2/repository/commons-io/commons-io/2.4/commons-io-2.4.jar
7f5f781f6000-7f5f781f9000 r--s 00011000 103:02 57019015                  /home/hornm/.m2/repository/com/samskivert/jmustache/1.12/jmustache-1.12.jar
7f5f781f9000-7f5f781fd000 r--s 0000c000 103:02 56363412                  /home/hornm/.m2/repository/javax/validation/validation-api/1.1.0.Final/validation-api-1.1.0.Final.jar
7f5f781fd000-7f5f7822c000 r--s 00226000 103:02 13502380                  /home/hornm/.m2/repository/com/google/guava/guava/20.0/guava-20.0.jar
7f5f7822c000-7f5f7822e000 r--s 00004000 103:02 13631659                  /home/hornm/.m2/repository/io/swagger/swagger-annotations/1.5.17/swagger-annotations-1.5.17.jar
7f5f7822e000-7f5f78231000 r--s 00020000 103:02 13631657                  /home/hornm/.m2/repository/io/swagger/swagger-models/1.5.17/swagger-models-1.5.17.jar
7f5f78231000-7f5f78237000 r--s 0003d000 103:02 12585774                  /home/hornm/.m2/repository/org/yaml/snakeyaml/1.17/snakeyaml-1.17.jar
7f5f78237000-7f5f7823b000 r--s 00042000 103:02 56759474                  /home/hornm/.m2/repository/com/fasterxml/jackson/core/jackson-core/2.8.9/jackson-core-2.8.9.jar
7f5f7823b000-7f5f7824d000 r--s 0011e000 103:02 56759472                  /home/hornm/.m2/repository/com/fasterxml/jackson/core/jackson-databind/2.8.9/jackson-databind-2.8.9.jar
7f5f7824d000-7f5f78250000 r--s 0000b000 103:02 45747516                  /home/hornm/.m2/repository/com/fasterxml/jackson/core/jackson-annotations/2.8.9/jackson-annotations-2.8.9.jar
7f5f78250000-7f5f78253000 r--s 00019000 103:02 13631655                  /home/hornm/.m2/repository/io/swagger/swagger-core/1.5.17/swagger-core-1.5.17.jar
7f5f78253000-7f5f7825a000 r--s 0003a000 103:02 57678665                  /home/hornm/.m2/repository/commons-codec/commons-codec/1.9/commons-codec-1.9.jar
7f5f7825a000-7f5f7825c000 r--s 0000e000 103:02 52300382                  /home/hornm/.m2/repository/commons-logging/commons-logging/1.2/commons-logging-1.2.jar
7f5f7825c000-7f5f78263000 r--s 00049000 103:02 13502018                  /home/hornm/.m2/repository/org/apache/httpcomponents/httpcore/4.4.4/httpcore-4.4.4.jar
7f5f78263000-7f5f78270000 r--s 000a7000 103:02 13502016                  /home/hornm/.m2/repository/org/apache/httpcomponents/httpclient/4.5.2/httpclient-4.5.2.jar
7f5f78270000-7f5f78272000 r--s 00008000 103:02 4459731                   /home/hornm/.m2/repository/com/github/fge/msg-simple/1.1/msg-simple-1.1.jar
7f5f78272000-7f5f78274000 r--s 00006000 103:02 4459705                   /home/hornm/.m2/repository/com/github/fge/jackson-coreutils/1.6/jackson-coreutils-1.6.jar
7f5f78274000-7f5f78284000 r--s 00040000 103:02 13502008                  /home/hornm/.m2/repository/com/googlecode/libphonenumber/libphonenumber/8.0.0/libphonenumber-8.0.0.jar
7f5f78284000-7f5f78295000 r--s 0008a000 103:02 13502006                  /home/hornm/.m2/repository/joda-time/joda-time/2.9.7/joda-time-2.9.7.jar
7f5f78295000-7f5f782ab000 r-xp 00000000 103:02 53085557                  /home/hornm/dev-knime/eclipse-4.6.1-linux.gtk.x86_64/jre/jre/lib/amd64/libnet.so
7f5f782ab000-7f5f784ab000 ---p 00016000 103:02 53085557                  /home/hornm/dev-knime/eclipse-4.6.1-linux.gtk.x86_64/jre/jre/lib/amd64/libnet.so
7f5f784ab000-7f5f784ac000 rw-p 00016000 103:02 53085557                  /home/hornm/dev-knime/eclipse-4.6.1-linux.gtk.x86_64/jre/jre/lib/amd64/libnet.so
7f5f784ac000-7f5f784bd000 r-xp 00000000 103:02 53085558                  /home/hornm/dev-knime/eclipse-4.6.1-linux.gtk.x86_64/jre/jre/lib/amd64/libnio.so
7f5f784bd000-7f5f786bc000 ---p 00011000 103:02 53085558                  /home/hornm/dev-knime/eclipse-4.6.1-linux.gtk.x86_64/jre/jre/lib/amd64/libnio.so
7f5f786bc000-7f5f786bd000 rw-p 00010000 103:02 53085558                  /home/hornm/dev-knime/eclipse-4.6.1-linux.gtk.x86_64/jre/jre/lib/amd64/libnio.so
7f5f786bd000-7f5f786be000 ---p 00000000 00:00 0 
7f5f786be000-7f5f787be000 rw-p 00000000 00:00 0 
7f5f787be000-7f5f787c1000 ---p 00000000 00:00 0 
7f5f787c1000-7f5f788bf000 rw-p 00000000 00:00 0 
7f5f788bf000-7f5f788c2000 ---p 00000000 00:00 0 
7f5f788c2000-7f5f789c0000 rw-p 00000000 00:00 0 
7f5f789c0000-7f5f789c3000 ---p 00000000 00:00 0 
7f5f789c3000-7f5f78ac1000 rw-p 00000000 00:00 0 
7f5f78ac1000-7f5f78ac4000 ---p 00000000 00:00 0 
7f5f78ac4000-7f5f78bc2000 rw-p 00000000 00:00 0 
7f5f78bc2000-7f5f78bc5000 ---p 00000000 00:00 0 
7f5f78bc5000-7f5f78cc3000 rw-p 00000000 00:00 0 
7f5f78cc3000-7f5f78cc6000 ---p 00000000 00:00 0 
7f5f78cc6000-7f5f78dc4000 rw-p 00000000 00:00 0 
7f5f78dc4000-7f5f78dc7000 ---p 00000000 00:00 0 
7f5f78dc7000-7f5f78ec5000 rw-p 00000000 00:00 0 
7f5f78ec5000-7f5f78ec8000 ---p 00000000 00:00 0 
7f5f78ec8000-7f5f78fc6000 rw-p 00000000 00:00 0 
7f5f78fc6000-7f5f78fca000 r-xp 00000000 103:02 53085525                  /home/hornm/dev-knime/eclipse-4.6.1-linux.gtk.x86_64/jre/jre/lib/amd64/libdt_socket.so
7f5f78fca000-7f5f791c9000 ---p 00004000 103:02 53085525                  /home/hornm/dev-knime/eclipse-4.6.1-linux.gtk.x86_64/jre/jre/lib/amd64/libdt_socket.so
7f5f791c9000-7f5f791ca000 rw-p 00003000 103:02 53085525                  /home/hornm/dev-knime/eclipse-4.6.1-linux.gtk.x86_64/jre/jre/lib/amd64/libdt_socket.so
7f5f791ca000-7f5f791cd000 ---p 00000000 00:00 0 
7f5f791cd000-7f5f792cb000 rw-p 00000000 00:00 0 
7f5f792cb000-7f5f792ce000 ---p 00000000 00:00 0 
7f5f792ce000-7f5f793cc000 rw-p 00000000 00:00 0 
7f5f793cc000-7f5f793cf000 ---p 00000000 00:00 0 
7f5f793cf000-7f5f794cd000 rw-p 00000000 00:00 0 
7f5f794cd000-7f5f794ce000 ---p 00000000 00:00 0 
7f5f794ce000-7f5f7c000000 rw-p 00000000 00:00 0 
7f5f7c000000-7f5f7c021000 rw-p 00000000 00:00 0 
7f5f7c021000-7f5f80000000 ---p 00000000 00:00 0 
7f5f80000000-7f5f80002000 r--s 00009000 103:02 13502014                  /home/hornm/.m2/repository/com/github/fge/json-patch/1.6/json-patch-1.6.jar
7f5f80002000-7f5f80005000 r--s 00011000 103:02 13502012                  /home/hornm/.m2/repository/net/sf/jopt-simple/jopt-simple/5.0.3/jopt-simple-5.0.3.jar
7f5f80005000-7f5f80007000 r--s 00003000 103:02 13502010                  /home/hornm/.m2/repository/com/google/code/findbugs/jsr305/3.0.1/jsr305-3.0.1.jar
7f5f80007000-7f5f80009000 r--s 0000e000 103:02 52954806                  /home/hornm/.m2/repository/javax/activation/activation/1.1/activation-1.1.jar
7f5f80009000-7f5f801fe000 rw-p 00000000 00:00 0 
7f5f801fe000-7f5f803d6000 r--s 03d17000 103:02 52824081                  /home/hornm/dev-knime/eclipse-4.6.1-linux.gtk.x86_64/jre/jre/lib/rt.jar
7f5f803d6000-7f5f80ca7000 rw-p 00000000 00:00 0 
7f5f80ca7000-7f5f80ca8000 ---p 00000000 00:00 0 
7f5f80ca8000-7f5f80da8000 rw-p 00000000 00:00 0 
7f5f80da8000-7f5f80da9000 ---p 00000000 00:00 0 
7f5f80da9000-7f5f80ea9000 rw-p 00000000 00:00 0 
7f5f80ea9000-7f5f80eaa000 ---p 00000000 00:00 0 
7f5f80eaa000-7f5f80faa000 rw-p 00000000 00:00 0 
7f5f80faa000-7f5f80fab000 ---p 00000000 00:00 0 
7f5f80fab000-7f5f810ab000 rw-p 00000000 00:00 0 
7f5f810ab000-7f5f810ac000 ---p 00000000 00:00 0 
7f5f810ac000-7f5f811ac000 rw-p 00000000 00:00 0 
7f5f811ac000-7f5f811ad000 ---p 00000000 00:00 0 
7f5f811ad000-7f5f812ad000 rw-p 00000000 00:00 0 
7f5f812ad000-7f5f812ae000 ---p 00000000 00:00 0 
7f5f812ae000-7f5f81455000 rw-p 00000000 00:00 0 
7f5f81455000-7f5f81e11000 ---p 00000000 00:00 0 
7f5f81e11000-7f5f81eb8000 rw-p 00000000 00:00 0 
7f5f81eb8000-7f5f82873000 ---p 00000000 00:00 0 
7f5f82873000-7f5f828c7000 rw-p 00000000 00:00 0 
7f5f828c7000-7f5f82da5000 ---p 00000000 00:00 0 
7f5f82da5000-7f5f82db5000 rw-p 00000000 00:00 0 
7f5f82db5000-7f5f83166000 ---p 00000000 00:00 0 
7f5f83166000-7f5f83516000 rwxp 00000000 00:00 0 
7f5f83516000-7f5f92166000 ---p 00000000 00:00 0 
7f5f92166000-7f5f92180000 r-xp 00000000 103:02 53085572                  /home/hornm/dev-knime/eclipse-4.6.1-linux.gtk.x86_64/jre/jre/lib/amd64/libzip.so
7f5f92180000-7f5f92380000 ---p 0001a000 103:02 53085572                  /home/hornm/dev-knime/eclipse-4.6.1-linux.gtk.x86_64/jre/jre/lib/amd64/libzip.so
7f5f92380000-7f5f92381000 rw-p 0001a000 103:02 53085572                  /home/hornm/dev-knime/eclipse-4.6.1-linux.gtk.x86_64/jre/jre/lib/amd64/libzip.so
7f5f92381000-7f5f9238c000 r-xp 00000000 103:02 16126484                  /lib/x86_64-linux-gnu/libnss_files-2.23.so
7f5f9238c000-7f5f9258b000 ---p 0000b000 103:02 16126484                  /lib/x86_64-linux-gnu/libnss_files-2.23.so
7f5f9258b000-7f5f9258c000 r--p 0000a000 103:02 16126484                  /lib/x86_64-linux-gnu/libnss_files-2.23.so
7f5f9258c000-7f5f9258d000 rw-p 0000b000 103:02 16126484                  /lib/x86_64-linux-gnu/libnss_files-2.23.so
7f5f9258d000-7f5f92593000 rw-p 00000000 00:00 0 
7f5f92593000-7f5f9259e000 r-xp 00000000 103:02 16126494                  /lib/x86_64-linux-gnu/libnss_nis-2.23.so
7f5f9259e000-7f5f9279d000 ---p 0000b000 103:02 16126494                  /lib/x86_64-linux-gnu/libnss_nis-2.23.so
7f5f9279d000-7f5f9279e000 r--p 0000a000 103:02 16126494                  /lib/x86_64-linux-gnu/libnss_nis-2.23.so
7f5f9279e000-7f5f9279f000 rw-p 0000b000 103:02 16126494                  /lib/x86_64-linux-gnu/libnss_nis-2.23.so
7f5f9279f000-7f5f927b5000 r-xp 00000000 103:02 16126478                  /lib/x86_64-linux-gnu/libnsl-2.23.so
7f5f927b5000-7f5f929b4000 ---p 00016000 103:02 16126478                  /lib/x86_64-linux-gnu/libnsl-2.23.so
7f5f929b4000-7f5f929b5000 r--p 00015000 103:02 16126478                  /lib/x86_64-linux-gnu/libnsl-2.23.so
7f5f929b5000-7f5f929b6000 rw-p 00016000 103:02 16126478                  /lib/x86_64-linux-gnu/libnsl-2.23.so
7f5f929b6000-7f5f929b8000 rw-p 00000000 00:00 0 
7f5f929b8000-7f5f929c0000 r-xp 00000000 103:02 16126480                  /lib/x86_64-linux-gnu/libnss_compat-2.23.so
7f5f929c0000-7f5f92bbf000 ---p 00008000 103:02 16126480                  /lib/x86_64-linux-gnu/libnss_compat-2.23.so
7f5f92bbf000-7f5f92bc0000 r--p 00007000 103:02 16126480                  /lib/x86_64-linux-gnu/libnss_compat-2.23.so
7f5f92bc0000-7f5f92bc1000 rw-p 00008000 103:02 16126480                  /lib/x86_64-linux-gnu/libnss_compat-2.23.so
7f5f92bc1000-7f5f93580000 r--p 00000000 103:02 41163560                  /usr/lib/locale/locale-archive
7f5f93580000-7f5f93582000 r-xp 00000000 103:02 53085560                  /home/hornm/dev-knime/eclipse-4.6.1-linux.gtk.x86_64/jre/jre/lib/amd64/libnpt.so
7f5f93582000-7f5f93782000 ---p 00002000 103:02 53085560                  /home/hornm/dev-knime/eclipse-4.6.1-linux.gtk.x86_64/jre/jre/lib/amd64/libnpt.so
7f5f93782000-7f5f93783000 rw-p 00002000 103:02 53085560                  /home/hornm/dev-knime/eclipse-4.6.1-linux.gtk.x86_64/jre/jre/lib/amd64/libnpt.so
7f5f93783000-7f5f937bc000 r-xp 00000000 103:02 53085544                  /home/hornm/dev-knime/eclipse-4.6.1-linux.gtk.x86_64/jre/jre/lib/amd64/libjdwp.so
7f5f937bc000-7f5f939bb000 ---p 00039000 103:02 53085544                  /home/hornm/dev-knime/eclipse-4.6.1-linux.gtk.x86_64/jre/jre/lib/amd64/libjdwp.so
7f5f939bb000-7f5f939bd000 rw-p 00038000 103:02 53085544                  /home/hornm/dev-knime/eclipse-4.6.1-linux.gtk.x86_64/jre/jre/lib/amd64/libjdwp.so
7f5f939bd000-7f5f939e7000 r-xp 00000000 103:02 53085536                  /home/hornm/dev-knime/eclipse-4.6.1-linux.gtk.x86_64/jre/jre/lib/amd64/libjava.so
7f5f939e7000-7f5f93be7000 ---p 0002a000 103:02 53085536                  /home/hornm/dev-knime/eclipse-4.6.1-linux.gtk.x86_64/jre/jre/lib/amd64/libjava.so
7f5f93be7000-7f5f93be9000 rw-p 0002a000 103:02 53085536                  /home/hornm/dev-knime/eclipse-4.6.1-linux.gtk.x86_64/jre/jre/lib/amd64/libjava.so
7f5f93be9000-7f5f93bf6000 r-xp 00000000 103:02 53085571                  /home/hornm/dev-knime/eclipse-4.6.1-linux.gtk.x86_64/jre/jre/lib/amd64/libverify.so
7f5f93bf6000-7f5f93df6000 ---p 0000d000 103:02 53085571                  /home/hornm/dev-knime/eclipse-4.6.1-linux.gtk.x86_64/jre/jre/lib/amd64/libverify.so
7f5f93df6000-7f5f93df8000 rw-p 0000d000 103:02 53085571                  /home/hornm/dev-knime/eclipse-4.6.1-linux.gtk.x86_64/jre/jre/lib/amd64/libverify.so
7f5f93df8000-7f5f93dff000 r-xp 00000000 103:02 16126539                  /lib/x86_64-linux-gnu/librt-2.23.so
7f5f93dff000-7f5f93ffe000 ---p 00007000 103:02 16126539                  /lib/x86_64-linux-gnu/librt-2.23.so
7f5f93ffe000-7f5f93fff000 r--p 00006000 103:02 16126539                  /lib/x86_64-linux-gnu/librt-2.23.so
7f5f93fff000-7f5f94000000 rw-p 00007000 103:02 16126539                  /lib/x86_64-linux-gnu/librt-2.23.so
7f5f94000000-7f5f94703000 rw-p 00000000 00:00 0 
7f5f94703000-7f5f98000000 ---p 00000000 00:00 0 
7f5f98000000-7f5f98001000 r--s 00009000 103:02 56759476                  /home/hornm/.m2/repository/com/fasterxml/jackson/dataformat/jackson-dataformat-yaml/2.8.9/jackson-dataformat-yaml-2.8.9.jar
7f5f98001000-7f5f98002000 ---p 00000000 00:00 0 
7f5f98002000-7f5f98102000 rw-p 00000000 00:00 0 
7f5f98102000-7f5f9820a000 r-xp 00000000 103:02 16126455                  /lib/x86_64-linux-gnu/libm-2.23.so
7f5f9820a000-7f5f98409000 ---p 00108000 103:02 16126455                  /lib/x86_64-linux-gnu/libm-2.23.so
7f5f98409000-7f5f9840a000 r--p 00107000 103:02 16126455                  /lib/x86_64-linux-gnu/libm-2.23.so
7f5f9840a000-7f5f9840b000 rw-p 00108000 103:02 16126455                  /lib/x86_64-linux-gnu/libm-2.23.so
7f5f9840b000-7f5f990c9000 r-xp 00000000 103:02 55182708                  /home/hornm/dev-knime/eclipse-4.6.1-linux.gtk.x86_64/jre/jre/lib/amd64/server/libjvm.so
7f5f990c9000-7f5f992c8000 ---p 00cbe000 103:02 55182708                  /home/hornm/dev-knime/eclipse-4.6.1-linux.gtk.x86_64/jre/jre/lib/amd64/server/libjvm.so
7f5f992c8000-7f5f993a0000 rw-p 00cbd000 103:02 55182708                  /home/hornm/dev-knime/eclipse-4.6.1-linux.gtk.x86_64/jre/jre/lib/amd64/server/libjvm.so
7f5f993a0000-7f5f993e5000 rw-p 00000000 00:00 0 
7f5f993e5000-7f5f995a5000 r-xp 00000000 103:02 16126385                  /lib/x86_64-linux-gnu/libc-2.23.so
7f5f995a5000-7f5f997a5000 ---p 001c0000 103:02 16126385                  /lib/x86_64-linux-gnu/libc-2.23.so
7f5f997a5000-7f5f997a9000 r--p 001c0000 103:02 16126385                  /lib/x86_64-linux-gnu/libc-2.23.so
7f5f997a9000-7f5f997ab000 rw-p 001c4000 103:02 16126385                  /lib/x86_64-linux-gnu/libc-2.23.so
7f5f997ab000-7f5f997af000 rw-p 00000000 00:00 0 
7f5f997af000-7f5f997b2000 r-xp 00000000 103:02 16126409                  /lib/x86_64-linux-gnu/libdl-2.23.so
7f5f997b2000-7f5f999b1000 ---p 00003000 103:02 16126409                  /lib/x86_64-linux-gnu/libdl-2.23.so
7f5f999b1000-7f5f999b2000 r--p 00002000 103:02 16126409                  /lib/x86_64-linux-gnu/libdl-2.23.so
7f5f999b2000-7f5f999b3000 rw-p 00003000 103:02 16126409                  /lib/x86_64-linux-gnu/libdl-2.23.so
7f5f999b3000-7f5f999c8000 r-xp 00000000 103:02 525319                    /home/hornm/dev-knime/eclipse-4.6.1-linux.gtk.x86_64/jre/lib/amd64/jli/libjli.so
7f5f999c8000-7f5f99bc8000 ---p 00015000 103:02 525319                    /home/hornm/dev-knime/eclipse-4.6.1-linux.gtk.x86_64/jre/lib/amd64/jli/libjli.so
7f5f99bc8000-7f5f99bc9000 rw-p 00015000 103:02 525319                    /home/hornm/dev-knime/eclipse-4.6.1-linux.gtk.x86_64/jre/lib/amd64/jli/libjli.so
7f5f99bc9000-7f5f99be1000 r-xp 00000000 103:02 16126531                  /lib/x86_64-linux-gnu/libpthread-2.23.so
7f5f99be1000-7f5f99de0000 ---p 00018000 103:02 16126531                  /lib/x86_64-linux-gnu/libpthread-2.23.so
7f5f99de0000-7f5f99de1000 r--p 00017000 103:02 16126531                  /lib/x86_64-linux-gnu/libpthread-2.23.so
7f5f99de1000-7f5f99de2000 rw-p 00018000 103:02 16126531                  /lib/x86_64-linux-gnu/libpthread-2.23.so
7f5f99de2000-7f5f99de6000 rw-p 00000000 00:00 0 
7f5f99de6000-7f5f99e0c000 r-xp 00000000 103:02 16126357                  /lib/x86_64-linux-gnu/ld-2.23.so
7f5f99e0c000-7f5f99e11000 r--s 00039000 103:02 56756823                  /home/hornm/.m2/repository/javax/mail/mailapi/1.4.3/mailapi-1.4.3.jar
7f5f99e11000-7f5f99e14000 r--s 0000c000 103:02 4459686                   /home/hornm/.m2/repository/com/github/fge/uri-template/0.9/uri-template-0.9.jar
7f5f99e14000-7f5f99e21000 r--s 00109000 103:02 8128107                   /home/hornm/.m2/repository/org/mozilla/rhino/1.7R4/rhino-1.7R4.jar
7f5f99e21000-7f5f99ee5000 rw-p 00000000 00:00 0 
7f5f99ee5000-7f5f99ee8000 ---p 00000000 00:00 0 
7f5f99ee8000-7f5f99fea000 rw-p 00000000 00:00 0 
7f5f99fea000-7f5f99feb000 r--s 00002000 103:02 4459691                   /home/hornm/.m2/repository/com/github/fge/btf/1.2/btf-1.2.jar
7f5f99feb000-7f5f99ff1000 r--s 00025000 103:02 13502004                  /home/hornm/.m2/repository/com/github/java-json-tools/json-schema-core/1.2.8/json-schema-core-1.2.8.jar
7f5f99ff1000-7f5f99ff8000 r--s 00033000 103:02 13502002                  /home/hornm/.m2/repository/com/github/java-json-tools/json-schema-validator/2.2.8/json-schema-validator-2.2.8.jar
7f5f99ff8000-7f5f99ffd000 r--s 00020000 103:02 13631653                  /home/hornm/.m2/repository/io/swagger/swagger-compat-spec-parser/1.0.33/swagger-compat-spec-parser-1.0.33.jar
7f5f99ffd000-7f5f99fff000 r--s 00010000 103:02 5248558                   /home/hornm/.m2/repository/io/swagger/swagger-parser/1.0.33/swagger-parser-1.0.33.jar
7f5f99fff000-7f5f9a007000 rw-s 00000000 103:02 16520029                  /tmp/hsperfdata_hornm/17219
7f5f9a007000-7f5f9a008000 rw-p 00000000 00:00 0 
7f5f9a008000-7f5f9a009000 r--p 00000000 00:00 0 
7f5f9a009000-7f5f9a00b000 rw-p 00000000 00:00 0 
7f5f9a00b000-7f5f9a00c000 r--p 00025000 103:02 16126357                  /lib/x86_64-linux-gnu/ld-2.23.so
7f5f9a00c000-7f5f9a00d000 rw-p 00026000 103:02 16126357                  /lib/x86_64-linux-gnu/ld-2.23.so
7f5f9a00d000-7f5f9a00e000 rw-p 00000000 00:00 0 
7ffde7c8a000-7ffde7cac000 rw-p 00000000 00:00 0                          [stack]
7ffde7de3000-7ffde7de5000 r--p 00000000 00:00 0                          [vvar]
7ffde7de5000-7ffde7de7000 r-xp 00000000 00:00 0                          [vdso]
ffffffffff600000-ffffffffff601000 r-xp 00000000 00:00 0                  [vsyscall]

VM Arguments:
jvm_args: -agentlib:jdwp=transport=dt_socket,suspend=y,address=localhost:46165 -Dfile.encoding=UTF-8 
java_command: org.knime.gateway.codegen.Generate
java_class_path (initial): /home/hornm/dev-knime/workspace/knime-gateway/org.knime.gateway.codegen/target/classes:/home/hornm/dev-knime/workspace/swagger-codegen/modules/swagger-codegen/target/classes:/home/hornm/.m2/repository/io/swagger/swagger-parser/1.0.33/swagger-parser-1.0.33.jar:/home/hornm/.m2/repository/io/swagger/swagger-compat-spec-parser/1.0.33/swagger-compat-spec-parser-1.0.33.jar:/home/hornm/.m2/repository/com/github/java-json-tools/json-schema-validator/2.2.8/json-schema-validator-2.2.8.jar:/home/hornm/.m2/repository/com/github/java-json-tools/json-schema-core/1.2.8/json-schema-core-1.2.8.jar:/home/hornm/.m2/repository/org/mozilla/rhino/1.7R4/rhino-1.7R4.jar:/home/hornm/.m2/repository/com/github/fge/uri-template/0.9/uri-template-0.9.jar:/home/hornm/.m2/repository/javax/mail/mailapi/1.4.3/mailapi-1.4.3.jar:/home/hornm/.m2/repository/javax/activation/activation/1.1/activation-1.1.jar:/home/hornm/.m2/repository/joda-time/joda-time/2.9.7/joda-time-2.9.7.jar:/home/hornm/.m2/repository/com/googlecode/libphonenumber/libphonenumber/8.0.0/libphonenumber-8.0.0.jar:/home/hornm/.m2/repository/com/google/code/findbugs/jsr305/3.0.1/jsr305-3.0.1.jar:/home/hornm/.m2/repository/net/sf/jopt-simple/jopt-simple/5.0.3/jopt-simple-5.0.3.jar:/home/hornm/.m2/repository/com/github/fge/json-patch/1.6/json-patch-1.6.jar:/home/hornm/.m2/repository/com/github/fge/jackson-coreutils/1.6/jackson-coreutils-1.6.jar:/home/hornm/.m2/repository/com/github/fge/msg-simple/1.1/msg-simple-1.1.jar:/home/hornm/.m2/repository/com/github/fge/btf/1.2/btf-1.2.jar:/home/hornm/.m2/repository/org/apache/httpcomponents/httpclient/4.5.2/httpclient-4.5.2.jar:/home/hornm/.m2/repository/org/apache/httpcomponents/httpcore/4.4.4/httpcore-4.4.4.jar:/home/hornm/.m2/repository/commons-logging/commons-logging/1.2/commons-logging-1.2.jar:/home/hornm/.m2/repository/commons-codec/commons-codec/1.9/commons-codec-1.9.jar:/home/hornm/.m2/repository/io/swagger/swagger-core/1.5.17/swagger-core-1.5.17.jar:/home/hornm/
Launcher Type: SUN_STANDARD

Environment Variables:
JAVA_HOME=/usr/lib/jvm/default-java
PATH=/home/hornm/bin:/home/hornm/.local/bin:/usr/local/sbin:/usr/local/bin:/usr/sbin:/usr/bin:/sbin:/bin:/usr/games:/usr/local/games:/snap/bin
SHELL=/bin/bash
DISPLAY=:0

Signal Handlers:
SIGSEGV: [libjvm.so+0xaba070], sa_mask[0]=11111111011111111101111111111110, sa_flags=SA_RESTART|SA_SIGINFO
SIGBUS: [libjvm.so+0xaba070], sa_mask[0]=11111111011111111101111111111110, sa_flags=SA_RESTART|SA_SIGINFO
SIGFPE: [libjvm.so+0x917630], sa_mask[0]=11111111011111111101111111111110, sa_flags=SA_RESTART|SA_SIGINFO
SIGPIPE: [libjvm.so+0x917630], sa_mask[0]=11111111011111111101111111111110, sa_flags=SA_RESTART|SA_SIGINFO
SIGXFSZ: [libjvm.so+0x917630], sa_mask[0]=11111111011111111101111111111110, sa_flags=SA_RESTART|SA_SIGINFO
SIGILL: [libjvm.so+0x917630], sa_mask[0]=11111111011111111101111111111110, sa_flags=SA_RESTART|SA_SIGINFO
SIGUSR1: SIG_DFL, sa_mask[0]=00000000000000000000000000000000, sa_flags=none
SIGUSR2: [libjvm.so+0x918c60], sa_mask[0]=00100000000000000000000000000000, sa_flags=SA_RESTART|SA_SIGINFO
SIGHUP: [libjvm.so+0x91a060], sa_mask[0]=11111111011111111101111111111110, sa_flags=SA_RESTART|SA_SIGINFO
SIGINT: [libjvm.so+0x91a060], sa_mask[0]=11111111011111111101111111111110, sa_flags=SA_RESTART|SA_SIGINFO
SIGTERM: [libjvm.so+0x91a060], sa_mask[0]=11111111011111111101111111111110, sa_flags=SA_RESTART|SA_SIGINFO
SIGQUIT: [libjvm.so+0x91a060], sa_mask[0]=11111111011111111101111111111110, sa_flags=SA_RESTART|SA_SIGINFO


---------------  S Y S T E M  ---------------

OS:DISTRIB_ID=Ubuntu
DISTRIB_RELEASE=16.04
DISTRIB_CODENAME=xenial
DISTRIB_DESCRIPTION="Ubuntu 16.04.3 LTS"

uname:Linux 4.10.0-42-generic #46~16.04.1-Ubuntu SMP Mon Dec 4 15:57:59 UTC 2017 x86_64
libc:glibc 2.23 NPTL 2.23 
rlimit: STACK 8192k, CORE 0k, NPROC 127099, NOFILE 1048576, AS infinity
load average:0,40 0,46 0,54

/proc/meminfo:
MemTotal:       32667108 kB
MemFree:        22163140 kB
MemAvailable:   25741832 kB
Buffers:          893864 kB
Cached:          3345724 kB
SwapCached:            0 kB
Active:          7379988 kB
Inactive:        2330784 kB
Active(anon):    5473156 kB
Inactive(anon):   709068 kB
Active(file):    1906832 kB
Inactive(file):  1621716 kB
Unevictable:          96 kB
Mlocked:              96 kB
SwapTotal:      33274876 kB
SwapFree:       33274876 kB
Dirty:               100 kB
Writeback:             0 kB
AnonPages:       4944848 kB
Mapped:           994952 kB
Shmem:            711044 kB
Slab:             580336 kB
SReclaimable:     516936 kB
SUnreclaim:        63400 kB
KernelStack:       17392 kB
PageTables:        60916 kB
NFS_Unstable:          0 kB
Bounce:                0 kB
WritebackTmp:          0 kB
CommitLimit:    49608428 kB
Committed_AS:   13840068 kB
VmallocTotal:   34359738367 kB
VmallocUsed:           0 kB
VmallocChunk:          0 kB
HardwareCorrupted:     0 kB
AnonHugePages:   2576384 kB
ShmemHugePages:        0 kB
ShmemPmdMapped:        0 kB
CmaTotal:              0 kB
CmaFree:               0 kB
HugePages_Total:       0
HugePages_Free:        0
HugePages_Rsvd:        0
HugePages_Surp:        0
Hugepagesize:       2048 kB
DirectMap4k:      187728 kB
DirectMap2M:    11067392 kB
DirectMap1G:    23068672 kB


CPU:total 8 (4 cores per cpu, 2 threads per core) family 6 model 158 stepping 9, cmov, cx8, fxsr, mmx, sse, sse2, sse3, ssse3, sse4.1, sse4.2, popcnt, avx, avx2, aes, clmul, erms, rtm, 3dnowpref, lzcnt, ht, tsc, tscinvbit, bmi1, bmi2, adx

/proc/cpuinfo:
processor	: 0
vendor_id	: GenuineIntel
cpu family	: 6
model		: 158
model name	: Intel(R) Core(TM) i7-7820HQ CPU @ 2.90GHz
stepping	: 9
microcode	: 0x5e
cpu MHz		: 3696.508
cache size	: 8192 KB
physical id	: 0
siblings	: 8
core id		: 0
cpu cores	: 4
apicid		: 0
initial apicid	: 0
fpu		: yes
fpu_exception	: yes
cpuid level	: 22
wp		: yes
flags		: fpu vme de pse tsc msr pae mce cx8 apic sep mtrr pge mca cmov pat pse36 clflush dts acpi mmx fxsr sse sse2 ss ht tm pbe syscall nx pdpe1gb rdtscp lm constant_tsc art arch_perfmon pebs bts rep_good nopl xtopology nonstop_tsc aperfmperf tsc_known_freq pni pclmulqdq dtes64 monitor ds_cpl vmx smx est tm2 ssse3 sdbg fma cx16 xtpr pdcm pcid sse4_1 sse4_2 x2apic movbe popcnt tsc_deadline_timer aes xsave avx f16c rdrand lahf_lm abm 3dnowprefetch epb intel_pt tpr_shadow vnmi flexpriority ept vpid fsgsbase tsc_adjust bmi1 hle avx2 smep bmi2 erms invpcid rtm mpx rdseed adx smap clflushopt xsaveopt xsavec xgetbv1 xsaves dtherm ida arat pln pts hwp hwp_notify hwp_act_window hwp_epp
bugs		:
bogomips	: 5808.00
clflush size	: 64
cache_alignment	: 64
address sizes	: 39 bits physical, 48 bits virtual
power management:

processor	: 1
vendor_id	: GenuineIntel
cpu family	: 6
model		: 158
model name	: Intel(R) Core(TM) i7-7820HQ CPU @ 2.90GHz
stepping	: 9
microcode	: 0x5e
cpu MHz		: 3631.372
cache size	: 8192 KB
physical id	: 0
siblings	: 8
core id		: 1
cpu cores	: 4
apicid		: 2
initial apicid	: 2
fpu		: yes
fpu_exception	: yes
cpuid level	: 22
wp		: yes
flags		: fpu vme de pse tsc msr pae mce cx8 apic sep mtrr pge mca cmov pat pse36 clflush dts acpi mmx fxsr sse sse2 ss ht tm pbe syscall nx pdpe1gb rdtscp lm constant_tsc art arch_perfmon pebs bts rep_good nopl xtopology nonstop_tsc aperfmperf tsc_known_freq pni pclmulqdq dtes64 monitor ds_cpl vmx smx est tm2 ssse3 sdbg fma cx16 xtpr pdcm pcid sse4_1 sse4_2 x2apic movbe popcnt tsc_deadline_timer aes xsave avx f16c rdrand lahf_lm abm 3dnowprefetch epb intel_pt tpr_shadow vnmi flexpriority ept vpid fsgsbase tsc_adjust bmi1 hle avx2 smep bmi2 erms invpcid rtm mpx rdseed adx smap clflushopt xsaveopt xsavec xgetbv1 xsaves dtherm ida arat pln pts hwp hwp_notify hwp_act_window hwp_epp
bugs		:
bogomips	: 5808.00
clflush size	: 64
cache_alignment	: 64
address sizes	: 39 bits physical, 48 bits virtual
power management:

processor	: 2
vendor_id	: GenuineIntel
cpu family	: 6
model		: 158
model name	: Intel(R) Core(TM) i7-7820HQ CPU @ 2.90GHz
stepping	: 9
microcode	: 0x5e
cpu MHz		: 3561.633
cache size	: 8192 KB
physical id	: 0
siblings	: 8
core id		: 2
cpu cores	: 4
apicid		: 4
initial apicid	: 4
fpu		: yes
fpu_exception	: yes
cpuid level	: 22
wp		: yes
flags		: fpu vme de pse tsc msr pae mce cx8 apic sep mtrr pge mca cmov pat pse36 clflush dts acpi mmx fxsr sse sse2 ss ht tm pbe syscall nx pdpe1gb rdtscp lm constant_tsc art arch_perfmon pebs bts rep_good nopl xtopology nonstop_tsc aperfmperf tsc_known_freq pni pclmulqdq dtes64 monitor ds_cpl vmx smx est tm2 ssse3 sdbg fma cx16 xtpr pdcm pcid sse4_1 sse4_2 x2apic movbe popcnt tsc_deadline_timer aes xsave avx f16c rdrand lahf_lm abm 3dnowprefetch epb intel_pt tpr_shadow vnmi flexpriority ept vpid fsgsbase tsc_adjust bmi1 hle avx2 smep bmi2 erms invpcid rtm mpx rdseed adx smap clflushopt xsaveopt xsavec xgetbv1 xsaves dtherm ida arat pln pts hwp hwp_notify hwp_act_window hwp_epp
bugs		:
bogomips	: 5808.00
clflush size	: 64
cache_alignment	: 64
address sizes	: 39 bits physical, 48 bits virtual
power management:

processor	: 3
vendor_id	: GenuineIntel
cpu family	: 6
model		: 158
model name	: Intel(R) Core(TM) i7-7820HQ CPU @ 2.90GHz
stepping	: 9
microcode	: 0x5e
cpu MHz		: 3565.704
cache size	: 8192 KB
physical id	: 0
siblings	: 8
core id		: 3
cpu cores	: 4
apicid		: 6
initial apicid	: 6
fpu		: yes
fpu_exception	: yes
cpuid level	: 22
wp		: yes
flags		: fpu vme de pse tsc msr pae mce cx8 apic sep mtrr pge mca cmov pat pse36 clflush dts acpi mmx fxsr sse sse2 ss ht tm pbe syscall nx pdpe1gb rdtscp lm constant_tsc art arch_perfmon pebs bts rep_good nopl xtopology nonstop_tsc aperfmperf tsc_known_freq pni pclmulqdq dtes64 monitor ds_cpl vmx smx est tm2 ssse3 sdbg fma cx16 xtpr pdcm pcid sse4_1 sse4_2 x2apic movbe popcnt tsc_deadline_timer aes xsave avx f16c rdrand lahf_lm abm 3dnowprefetch epb intel_pt tpr_shadow vnmi flexpriority ept vpid fsgsbase tsc_adjust bmi1 hle avx2 smep bmi2 erms invpcid rtm mpx rdseed adx smap clflushopt xsaveopt xsavec xgetbv1 xsaves dtherm ida arat pln pts hwp hwp_notify hwp_act_window hwp_epp
bugs		:
bogomips	: 5808.00
clflush size	: 64
cache_alignment	: 64
address sizes	: 39 bits physical, 48 bits virtual
power management:

processor	: 4
vendor_id	: GenuineIntel
cpu family	: 6
model		: 158
model name	: Intel(R) Core(TM) i7-7820HQ CPU @ 2.90GHz
stepping	: 9
microcode	: 0x5e
cpu MHz		: 3662.878
cache size	: 8192 KB
physical id	: 0
siblings	: 8
core id		: 0
cpu cores	: 4
apicid		: 1
initial apicid	: 1
fpu		: yes
fpu_exception	: yes
cpuid level	: 22
wp		: yes
flags		: fpu vme de pse tsc msr pae mce cx8 apic sep mtrr pge mca cmov pat pse36 clflush dts acpi mmx fxsr sse sse2 ss ht tm pbe syscall nx pdpe1gb rdtscp lm constant_tsc art arch_perfmon pebs bts rep_good nopl xtopology nonstop_tsc aperfmperf tsc_known_freq pni pclmulqdq dtes64 monitor ds_cpl vmx smx est tm2 ssse3 sdbg fma cx16 xtpr pdcm pcid sse4_1 sse4_2 x2apic movbe popcnt tsc_deadline_timer aes xsave avx f16c rdrand lahf_lm abm 3dnowprefetch epb intel_pt tpr_shadow vnmi flexpriority ept vpid fsgsbase tsc_adjust bmi1 hle avx2 smep bmi2 erms invpcid rtm mpx rdseed adx smap clflushopt xsaveopt xsavec xgetbv1 xsaves dtherm ida arat pln pts hwp hwp_notify hwp_act_window hwp_epp
bugs		:
bogomips	: 5808.00
clflush size	: 64
cache_alignment	: 64
address sizes	: 39 bits physical, 48 bits virtual
power management:

processor	: 5
vendor_id	: GenuineIntel
cpu family	: 6
model		: 158
model name	: Intel(R) Core(TM) i7-7820HQ CPU @ 2.90GHz
stepping	: 9
microcode	: 0x5e
cpu MHz		: 3551.898
cache size	: 8192 KB
physical id	: 0
siblings	: 8
core id		: 1
cpu cores	: 4
apicid		: 3
initial apicid	: 3
fpu		: yes
fpu_exception	: yes
cpuid level	: 22
wp		: yes
flags		: fpu vme de pse tsc msr pae mce cx8 apic sep mtrr pge mca cmov pat pse36 clflush dts acpi mmx fxsr sse sse2 ss ht tm pbe syscall nx pdpe1gb rdtscp lm constant_tsc art arch_perfmon pebs bts rep_good nopl xtopology nonstop_tsc aperfmperf tsc_known_freq pni pclmulqdq dtes64 monitor ds_cpl vmx smx est tm2 ssse3 sdbg fma cx16 xtpr pdcm pcid sse4_1 sse4_2 x2apic movbe popcnt tsc_deadline_timer aes xsave avx f16c rdrand lahf_lm abm 3dnowprefetch epb intel_pt tpr_shadow vnmi flexpriority ept vpid fsgsbase tsc_adjust bmi1 hle avx2 smep bmi2 erms invpcid rtm mpx rdseed adx smap clflushopt xsaveopt xsavec xgetbv1 xsaves dtherm ida arat pln pts hwp hwp_notify hwp_act_window hwp_epp
bugs		:
bogomips	: 5808.00
clflush size	: 64
cache_alignment	: 64
address sizes	: 39 bits physical, 48 bits virtual
power management:

processor	: 6
vendor_id	: GenuineIntel
cpu family	: 6
model		: 158
model name	: Intel(R) Core(TM) i7-7820HQ CPU @ 2.90GHz
stepping	: 9
microcode	: 0x5e
cpu MHz		: 3586.413
cache size	: 8192 KB
physical id	: 0
siblings	: 8
core id		: 2
cpu cores	: 4
apicid		: 5
initial apicid	: 5
fpu		: yes
fpu_exception	: yes
cpuid level	: 22
wp		: yes
flags		: fpu vme de pse tsc msr pae mce cx8 apic sep mtrr pge mca cmov pat pse36 clflush dts acpi mmx fxsr sse sse2 ss ht tm pbe syscall nx pdpe1gb rdtscp lm constant_tsc art arch_perfmon pebs bts rep_good nopl xtopology nonstop_tsc aperfmperf tsc_known_freq pni pclmulqdq dtes64 monitor ds_cpl vmx smx est tm2 ssse3 sdbg fma cx16 xtpr pdcm pcid sse4_1 sse4_2 x2apic movbe popcnt tsc_deadline_timer aes xsave avx f16c rdrand lahf_lm abm 3dnowprefetch epb intel_pt tpr_shadow vnmi flexpriority ept vpid fsgsbase tsc_adjust bmi1 hle avx2 smep bmi2 erms invpcid rtm mpx rdseed adx smap clflushopt xsaveopt xsavec xgetbv1 xsaves dtherm ida arat pln pts hwp hwp_notify hwp_act_window hwp_epp
bugs		:
bogomips	: 5808.00
clflush size	: 64
cache_alignment	: 64
address sizes	: 39 bits physical, 48 bits virtual
power management:

processor	: 7
vendor_id	: GenuineIntel
cpu family	: 6
model		: 158
model name	: Intel(R) Core(TM) i7-7820HQ CPU @ 2.90GHz
stepping	: 9
microcode	: 0x5e
cpu MHz		: 3583.227
cache size	: 8192 KB
physical id	: 0
siblings	: 8
core id		: 3
cpu cores	: 4
apicid		: 7
initial apicid	: 7
fpu		: yes
fpu_exception	: yes
cpuid level	: 22
wp		: yes
flags		: fpu vme de pse tsc msr pae mce cx8 apic sep mtrr pge mca cmov pat pse36 clflush dts acpi mmx fxsr sse sse2 ss ht tm pbe syscall nx pdpe1gb rdtscp lm constant_tsc art arch_perfmon pebs bts rep_good nopl xtopology nonstop_tsc aperfmperf tsc_known_freq pni pclmulqdq dtes64 monitor ds_cpl vmx smx est tm2 ssse3 sdbg fma cx16 xtpr pdcm pcid sse4_1 sse4_2 x2apic movbe popcnt tsc_deadline_timer aes xsave avx f16c rdrand lahf_lm abm 3dnowprefetch epb intel_pt tpr_shadow vnmi flexpriority ept vpid fsgsbase tsc_adjust bmi1 hle avx2 smep bmi2 erms invpcid rtm mpx rdseed adx smap clflushopt xsaveopt xsavec xgetbv1 xsaves dtherm ida arat pln pts hwp hwp_notify hwp_act_window hwp_epp
bugs		:
bogomips	: 5808.00
clflush size	: 64
cache_alignment	: 64
address sizes	: 39 bits physical, 48 bits virtual
power management:



Memory: 4k page, physical 32667108k(22163140k free), swap 33274876k(33274876k free)

vm_info: Java HotSpot(TM) 64-Bit Server VM (25.60-b23) for linux-amd64 JRE (1.8.0_60-b27), built on Aug  4 2015 12:19:40 by "java_re" with gcc 4.3.0 20080428 (Red Hat 4.3.0-8)

time: Mon Dec 18 15:41:42 2017
elapsed time: 190 seconds (0d 0h 3m 10s)

